<?xml version="1.0" encoding="utf-8"?><testsuites name="pytest tests"><testsuite name="pytest" errors="0" failures="0" skipped="0" tests="6" time="6.090" timestamp="2026-09-16T10:13:04.469271+00:00" hostname="1126b9899381"><testcase classname="tests.test_runtime_timing" name="test_disabled_timing_preserves_result_without_audit_write" time="0.003" /><testcase classname="tests.test_whatsapp_runtime_integration" name="test_early_exit_keeps_timing_without_any_model_or_send[empty_body]" time="0.276" /><testcase classname="tests.test_whatsapp_runtime_integration" name="test_early_exit_keeps_timing_without_any_model_or_send[opted_out]" time="0.199" /><testcase classname="tests.test_whatsapp_runtime_integration" name="test_early_exit_keeps_timing_without_any_model_or_send[human_review]" time="0.194" /><testcase classname="tests.test_whatsapp_runtime_integration" name="test_pre_send_failure_timing_distinguishes_retry_from_exhaustion[0]" time="0.246" /><testcase classname="tests.test_whatsapp_runtime_integration" name="test_pre_send_failure_timing_distinguishes_retry_from_exhaustion[4]" time="0.173" /></testsuite></testsuites>