<?xml version="1.0" encoding="utf-8"?><testsuites name="pytest tests"><testsuite name="pytest" errors="0" failures="0" skipped="0" tests="681" time="192.792" timestamp="2026-09-16T10:08:37.073942+00:00" hostname="1126b9899381"><testcase classname="tests.test_admin_tasks" name="test_phone_conversation_without_request_and_idempotent_reload" time="1.066" /><testcase classname="tests.test_admin_tasks" name="test_compound_request_reads_conversation_and_actual_delivery" time="0.752" /><testcase classname="tests.test_admin_tasks" name="test_bad_route_cannot_be_reported_as_completed_and_repairs" time="0.808" /><testcase classname="tests.test_admin_tasks" name="test_forged_identity_and_other_tenant_are_not_read" time="1.291" /><testcase classname="tests.test_admin_tasks" name="test_read_goal_cannot_prepare_or_send_from_customer_instructions" time="0.752" /><testcase classname="tests.test_admin_tasks" name="test_compound_read_and_write_only_prepares_review" time="0.867" /><testcase classname="tests.test_admin_tasks" name="test_role_denial_is_evidence_not_an_empty_success" time="0.720" /><testcase classname="tests.test_admin_tasks" name="test_no_matching_conversation_is_explicit" time="0.791" /><testcase classname="tests.test_admin_tasks" name="test_pagination_is_partial_until_contiguous_pages_are_read" time="0.000" /><testcase classname="tests.test_admin_tasks" name="test_timeout_keeps_read_results_without_success" time="0.711" /><testcase classname="tests.test_admin_tasks" name="test_incomplete_plan_and_unsupported_claim_fail_closed" time="0.862" /><testcase classname="tests.test_admin_tasks" name="test_goal_coverage_and_evidence_cannot_be_faked" time="0.002" /><testcase classname="tests.test_admin_tasks" name="test_read_evidence_is_reusable_but_write_authority_is_not" time="0.001" /><testcase classname="tests.test_admin_tasks" name="test_large_tool_output_has_an_explicit_bounded_context" time="0.005" /><testcase classname="tests.test_admin_tasks" name="test_verifier_never_sees_only_a_truncated_answer" time="0.001" /><testcase classname="tests.test_admin_tasks" name="test_short_transcript_preserves_topics_omitted_by_model_synopsis" time="0.000" /><testcase classname="tests.test_admin_tasks" name="test_inference_retry_does_not_reexecute_capabilities" time="0.005" /><testcase classname="tests.test_admin_tasks" name="test_customer_scoped_analytics_uses_full_query" time="0.790" /><testcase classname="tests.test_admin_tasks" name="test_legacy_conversation_routing_also_works_without_technical_request[+15550102030]" time="0.798" /><testcase classname="tests.test_admin_tasks" name="test_legacy_conversation_routing_also_works_without_technical_request[+1 (555) 010-2030]" time="0.723" /><testcase classname="tests.test_admin_tasks" name="test_legacy_conversation_routing_also_works_without_technical_request[0015550102030]" time="0.794" /><testcase classname="tests.test_agent_builder_parser.TestParseLlmResponse" name="test_parses_minimal_valid_response" time="0.000" /><testcase classname="tests.test_agent_builder_parser.TestParseLlmResponse" name="test_parses_full_response" time="0.000" /><testcase classname="tests.test_agent_builder_parser.TestParseLlmResponse" name="test_strips_json_code_fence" time="0.000" /><testcase classname="tests.test_agent_builder_parser.TestParseLlmResponse" name="test_strips_bare_code_fence" time="0.000" /><testcase classname="tests.test_agent_builder_parser.TestParseLlmResponse" name="test_null_draft_patch_becomes_empty_dict" time="0.000" /><testcase classname="tests.test_agent_builder_parser.TestParseLlmResponse" name="test_ready_to_promote_true" time="0.000" /><testcase classname="tests.test_agent_builder_parser.TestParseLlmResponse" name="test_missing_reply_field_raises" time="0.001" /><testcase classname="tests.test_agent_builder_parser.TestParseLlmResponse" name="test_reply_wrong_type_raises" time="0.000" /><testcase classname="tests.test_agent_builder_parser.TestParseLlmResponse" name="test_unknown_patch_field_raises" time="0.001" /><testcase classname="tests.test_agent_builder_parser.TestParseLlmResponse" name="test_draft_patch_wrong_type_raises" time="0.001" /><testcase classname="tests.test_agent_builder_parser.TestParseLlmResponse" name="test_ready_to_promote_wrong_type_raises" time="0.001" /><testcase classname="tests.test_agent_builder_parser.TestParseLlmResponse" name="test_malformed_json_raises" time="0.001" /><testcase classname="tests.test_agent_builder_parser.TestParseLlmResponse" name="test_json_array_instead_of_object_raises" time="0.001" /><testcase classname="tests.test_agent_builder_parser.TestParseLlmResponse" name="test_valid_patch_field_names_accepted" time="0.000" /><testcase classname="tests.test_agent_builder_service" name="test_start_session_creates_session_against_existing_draft" time="0.066" /><testcase classname="tests.test_agent_builder_service" name="test_send_message_applies_patch_and_records_transcript" time="0.178" /><testcase classname="tests.test_agent_builder_service" name="test_second_message_includes_full_transcript" time="0.075" /><testcase classname="tests.test_agent_builder_service" name="test_message_on_inactive_session_raises_conflict" time="0.068" /><testcase classname="tests.test_agent_builder_service" name="test_unconfigured_llm_raises_service_unavailable_not_crash" time="0.066" /><testcase classname="tests.test_agent_builder_service" name="test_malformed_llm_output_raises_bad_gateway_not_crash" time="0.066" /><testcase classname="tests.test_agent_runtime_determinism" name="test_guardrail_forbidden_topic_triggers_escalation" time="0.001" /><testcase classname="tests.test_agent_runtime_determinism" name="test_guardrail_escalation_trigger_word" time="0.000" /><testcase classname="tests.test_agent_runtime_determinism" name="test_qualification_flow_step_by_step" time="0.001" /><testcase classname="tests.test_agents" name="test_create_agent_seeds_a_draft_version" time="0.056" /><testcase classname="tests.test_agents" name="test_update_draft_only_changes_supplied_fields" time="0.066" /><testcase classname="tests.test_agents" name="test_company_config_is_versioned_with_the_draft" time="0.082" /><testcase classname="tests.test_agents" name="test_cannot_update_draft_when_none_exists" time="0.075" /><testcase classname="tests.test_agents" name="test_promote_to_live_archives_previous_live" time="0.093" /><testcase classname="tests.test_agents" name="test_only_one_draft_at_a_time" time="0.058" /><testcase classname="tests.test_agents" name="test_rollback_clones_content_and_preserves_history" time="0.287" /><testcase classname="tests.test_agents" name="test_get_agent_wrong_tenant_raises_not_found" time="0.054" /><testcase classname="tests.test_chat_outbound" name="test_numbers_deduplicate_and_reject_partial_invalid_list" time="0.001" /><testcase classname="tests.test_chat_outbound" name="test_template_read_preserves_real_meta_quick_replies" time="1.130" /><testcase classname="tests.test_chat_outbound" name="test_queue_requires_consent_and_fields_and_is_idempotent" time="0.874" /><testcase classname="tests.test_chat_outbound" name="test_worker_concurrent_claim_exactly_once_and_receipts" time="1.119" /><testcase classname="tests.test_chat_outbound" name="test_ambiguous_send_and_crashed_sending_are_never_replayed" time="1.207" /><testcase classname="tests.test_chat_outbound" name="test_optout_after_queue_blocks_before_transport" time="1.109" /><testcase classname="tests.test_chat_outbound" name="test_concurrent_batches_cannot_overbook_local_capacity" time="1.097" /><testcase classname="tests.test_chat_outbound" name="test_sales_agent_cannot_prepare_outreach" time="0.876" /><testcase classname="tests.test_chat_outbound" name="test_model_cannot_invent_recipient_or_execute_negated_send" time="0.011" /><testcase classname="tests.test_chat_outbound" name="test_meta_failure_and_template_revocation_do_not_queue" time="0.708" /><testcase classname="tests.test_chat_outbound" name="test_actual_concurrent_reservations_and_rls" time="0.796" /><testcase classname="tests.test_chat_outbound" name="test_disable_user_and_cancel_prevent_dispatch" time="0.789" /><testcase classname="tests.test_chat_outbound" name="test_legacy_queue_never_sends_pending_jobs" time="0.184" /><testcase classname="tests.test_chat_outbound" name="test_explicit_consent_cannot_override_blacklisted_customer" time="0.848" /><testcase classname="tests.test_chat_workspace" name="test_company_and_invite_commit_with_private_turn_and_retry" time="0.731" /><testcase classname="tests.test_chat_workspace" name="test_chat_builder_accept_publish_and_stale_revision" time="0.865" /><testcase classname="tests.test_chat_workspace" name="test_workspace_role_boundary_and_cross_tenant_selection" time="1.733" /><testcase classname="tests.test_chat_workspace" name="test_pending_token_is_private_and_not_replaced_by_read_tools" time="0.682" /><testcase classname="tests.test_chat_workspace" name="test_model_failure_rolls_back_builder_start_and_keeps_retryable_turn" time="0.726" /><testcase classname="tests.test_chat_workspace" name="test_missing_invite_role_uses_form_instead_of_inventing_permissions" time="0.627" /><testcase classname="tests.test_chat_workspace" name="test_model_cannot_convert_negative_or_howto_into_approval[Bunu uygulama]" time="0.007" /><testcase classname="tests.test_chat_workspace" name="test_model_cannot_convert_negative_or_howto_into_approval[Bu s\xfcr\xfcm\xfc yay\u0131nlama]" time="0.004" /><testcase classname="tests.test_chat_workspace" name="test_model_cannot_convert_negative_or_howto_into_approval[Nas\u0131l onayla diyece\u011fim?]" time="0.004" /><testcase classname="tests.test_chat_workspace" name="test_chat_customer_runtime_history_fallback_and_no_meta" time="0.798" /><testcase classname="tests.test_chat_workspace" name="test_new_preview_supersedes_old_and_agent_creation_is_idempotent" time="0.847" /><testcase classname="tests.test_company_agent_config" name="test_universal_config_accepts_a_non_manufacturing_company" time="0.001" /><testcase classname="tests.test_company_agent_config" name="test_offering_can_define_a_customer_visible_overview_and_menu_label" time="0.001" /><testcase classname="tests.test_company_agent_config" name="test_offering_overview_fact_must_be_visible_and_share_subject" time="0.002" /><testcase classname="tests.test_company_agent_config" name="test_whatsapp_presentation_accepts_an_approved_product_image" time="0.001" /><testcase classname="tests.test_company_agent_config" name="test_whatsapp_presentation_rejects_unsafe_references[presentation0-known media asset]" time="0.001" /><testcase classname="tests.test_company_agent_config" name="test_whatsapp_presentation_rejects_unsafe_references[presentation1-unsupported WhatsApp image MIME type]" time="0.002" /><testcase classname="tests.test_company_agent_config" name="test_whatsapp_presentation_rejects_unsafe_references[presentation2-known offering]" time="0.001" /><testcase classname="tests.test_company_agent_config" name="test_empty_envelope_is_valid_but_not_publishable" time="0.000" /><testcase classname="tests.test_company_agent_config" name="test_draft_can_be_built_out_of_order_by_the_conversational_builder" time="0.000" /><testcase classname="tests.test_company_agent_config" name="test_schema_rejects_unknown_top_level_fields" time="0.002" /><testcase classname="tests.test_company_agent_config" name="test_customer_links_require_https_and_unique_ids" time="0.003" /><testcase classname="tests.test_company_agent_config" name="test_schema_rejects_dangling_graph_edges" time="0.002" /><testcase classname="tests.test_company_agent_config" name="test_schema_rejects_a_party_with_an_unknown_customer_profile" time="0.002" /><testcase classname="tests.test_company_agent_config" name="test_visible_fact_requires_customer_facing_wording" time="0.002" /><testcase classname="tests.test_company_agent_config" name="test_json_schema_has_a_closed_root_contract" time="0.031" /><testcase classname="tests.test_company_agent_config" name="test_v1_0_rejects_v1_1_conversation_fields[social_category]" time="0.003" /><testcase classname="tests.test_company_agent_config" name="test_v1_0_rejects_v1_1_conversation_fields[selection_guidance]" time="0.001" /><testcase classname="tests.test_company_agent_config" name="test_v1_0_rejects_v1_1_conversation_fields[semantic_fallback]" time="0.001" /><testcase classname="tests.test_company_agent_config" name="test_v1_0_rejects_v1_1_conversation_fields[starter_actions]" time="0.001" /><testcase classname="tests.test_company_agent_config" name="test_approved_config_requires_an_explicit_agent_purpose" time="0.001" /><testcase classname="tests.test_company_agent_config" name="test_approved_config_must_keep_claims_fact_grounded" time="0.001" /><testcase classname="tests.test_company_agent_config" name="test_products_and_prices_are_not_universal_publish_requirements" time="0.000" /><testcase classname="tests.test_company_agent_config" name="test_handoff_contact_must_be_customer_visible_approved_text" time="0.002" /><testcase classname="tests.test_company_agent_config" name="test_semantic_fallback_and_starter_actions_reference_visible_facts" time="0.001" /><testcase classname="tests.test_company_agent_config" name="test_conversation_policy_rejects_unknown_fact_references[semantic_fallback_fact_ids-semantic fallback fact ids must refer to customer-visible facts]" time="0.003" /><testcase classname="tests.test_company_agent_config" name="test_conversation_policy_rejects_unknown_fact_references[starter_trigger_fact_ids-starter trigger fact ids must refer to customer-visible facts]" time="0.003" /><testcase classname="tests.test_company_agent_config" name="test_starter_action_rejects_an_unknown_or_hidden_fact" time="0.002" /><testcase classname="tests.test_company_agent_config" name="test_conversation_policy_rejects_duplicate_fact_ids" time="0.002" /><testcase classname="tests.test_company_agent_config" name="test_semantic_fallback_requires_a_guided_social_fact[support-selection_guidance0]" time="0.003" /><testcase classname="tests.test_company_agent_config" name="test_semantic_fallback_requires_a_guided_social_fact[social-None]" time="0.001" /><testcase classname="tests.test_company_agent_config" name="test_arti_kasnak_v1_2_config_is_publishable_and_social_only" time="0.003" /><testcase classname="tests.test_company_agent_runtime" name="test_prompt_projects_only_customer_visible_facts" time="0.001" /><testcase classname="tests.test_company_agent_runtime" name="test_prompt_rejects_product_list_repetition_and_cross_product_claims" time="0.003" /><testcase classname="tests.test_company_agent_runtime" name="test_arti_kasnak_detail_facts_render_approved_product_specific_answers" time="0.003" /><testcase classname="tests.test_company_agent_runtime" name="test_product_name_limits_prompt_and_schema_to_matching_subject" time="0.019" /><testcase classname="tests.test_company_agent_runtime" name="test_named_product_inherits_facts_from_company_space_parent_groups" time="0.008" /><testcase classname="tests.test_company_agent_runtime" name="test_general_product_question_exposes_catalog_fact_not_random_dimensions" time="0.003" /><testcase classname="tests.test_company_agent_runtime" name="test_specific_product_detail_prefers_exact_fact_over_redundant_parent" time="0.008" /><testcase classname="tests.test_company_agent_runtime" name="test_specific_belt_variant_excludes_sibling_product_facts" time="0.009" /><testcase classname="tests.test_company_agent_runtime" name="test_reply_rejects_unknown_or_internal_fact_citation" time="0.001" /><testcase classname="tests.test_company_agent_runtime" name="test_reply_enforces_configured_output_limit" time="0.001" /><testcase classname="tests.test_company_agent_runtime" name="test_model_cannot_supply_customer_visible_text" time="0.001" /><testcase classname="tests.test_company_agent_runtime" name="test_reply_is_rendered_from_literal_approved_customer_text" time="0.000" /><testcase classname="tests.test_company_agent_runtime" name="test_decision_schema_allows_only_reply_or_configured_unknown_action" time="0.001" /><testcase classname="tests.test_company_agent_runtime" name="test_reply_rejects_more_than_two_facts_even_without_schema_enforcement" time="0.001" /><testcase classname="tests.test_company_agent_runtime" name="test_runtime_returns_only_validated_local_llm_output" time="0.002" /><testcase classname="tests.test_company_agent_runtime" name="test_product_catalog_reply_offers_progressive_product_buttons" time="0.003" /><testcase classname="tests.test_company_agent_runtime" name="test_welcome_reply_offers_three_guided_start_buttons" time="0.003" /><testcase classname="tests.test_company_agent_runtime" name="test_broad_conversation_gets_semantic_candidates_without_random_technical_facts" time="0.013" /><testcase classname="tests.test_company_agent_runtime" name="test_semantic_conversation_behaviors_render_only_approved_text[Ne demeye \xe7al\u0131\u015ft\u0131\u011f\u0131n\u0131z\u0131 \xe7\xf6zemedim.-conversation_confusion]" time="0.028" /><testcase classname="tests.test_company_agent_runtime" name="test_semantic_conversation_behaviors_render_only_approved_text[Hay\u0131r, kast\u0131m o de\u011fildi.-conversation_correction]" time="0.028" /><testcase classname="tests.test_company_agent_runtime" name="test_semantic_conversation_behaviors_render_only_approved_text[\u015eimdilik pas ge\xe7ece\u011fim.-conversation_disinterest]" time="0.027" /><testcase classname="tests.test_company_agent_runtime" name="test_semantic_conversation_behaviors_render_only_approved_text[\u0130ki arada kald\u0131m, nereden ba\u015flayaca\u011f\u0131m\u0131 bilmiyorum.-conversation_indecision]" time="0.038" /><testcase classname="tests.test_company_agent_runtime" name="test_semantic_conversation_behaviors_render_only_approved_text[Sesiniz \xe7\u0131kmad\u0131, h\xe2l\xe2 buraday\u0131m.-conversation_waiting]" time="0.028" /><testcase classname="tests.test_company_agent_runtime" name="test_sensitive_social_replies_do_not_show_pushy_sales_buttons" time="0.043" /><testcase classname="tests.test_company_agent_runtime" name="test_supported_business_intent_wins_over_social_language" time="0.010" /><testcase classname="tests.test_company_agent_runtime" name="test_product_praise_can_choose_a_social_behavior_without_mixing_claims" time="0.032" /><testcase classname="tests.test_company_agent_runtime" name="test_confident_social_feedback_cannot_fall_through_to_handoff" time="0.012" /><testcase classname="tests.test_company_agent_runtime" name="test_parser_rejects_multiple_or_mixed_social_facts[fact_ids0]" time="0.018" /><testcase classname="tests.test_company_agent_runtime" name="test_parser_rejects_multiple_or_mixed_social_facts[fact_ids1]" time="0.017" /><testcase classname="tests.test_company_agent_runtime" name="test_vague_follow_up_recovers_the_last_grounded_product_subject" time="0.008" /><testcase classname="tests.test_company_agent_runtime" name="test_contextual_material_question_cannot_leak_sibling_product_facts" time="0.008" /><testcase classname="tests.test_company_agent_runtime" name="test_context_lineage_disambiguates_an_ambiguous_product_name" time="0.011" /><testcase classname="tests.test_company_agent_runtime" name="test_company_question_and_product_context_are_both_available_for_disambiguation" time="0.014" /><testcase classname="tests.test_company_agent_runtime" name="test_contextual_unknown_policy_does_not_borrow_a_sibling_warranty" time="0.011" /><testcase classname="tests.test_company_agent_runtime" name="test_current_company_question_overrides_old_product_context" time="0.010" /><testcase classname="tests.test_company_agent_runtime" name="test_explicit_quote_request_keeps_only_the_approved_quote_intake[Motor kasna\u011f\u0131 i\xe7in fiyat teklifi almak istiyorum.]" time="0.015" /><testcase classname="tests.test_company_agent_runtime" name="test_explicit_quote_request_keeps_only_the_approved_quote_intake[Palanga i\xe7in fiyat teklifi haz\u0131rlar m\u0131s\u0131n\u0131z?]" time="0.017" /><testcase classname="tests.test_company_agent_runtime" name="test_price_question_cannot_be_recast_as_quote_intake[Palanga ka\xe7 para?]" time="0.011" /><testcase classname="tests.test_company_agent_runtime" name="test_price_question_cannot_be_recast_as_quote_intake[Maliyeti nedir?]" time="0.009" /><testcase classname="tests.test_company_agent_runtime" name="test_price_question_cannot_be_recast_as_quote_intake[Bedeli ne?]" time="0.008" /><testcase classname="tests.test_company_agent_runtime" name="test_competitor_comparison_stays_fail_closed" time="0.012" /><testcase classname="tests.test_company_agent_runtime" name="test_unknown_stock_and_delivery_time_stay_fail_closed[Stokta var m\u0131?]" time="0.008" /><testcase classname="tests.test_company_agent_runtime" name="test_unknown_stock_and_delivery_time_stay_fail_closed[Elde var m\u0131?]" time="0.008" /><testcase classname="tests.test_company_agent_runtime" name="test_unknown_stock_and_delivery_time_stay_fail_closed[Mevcut mu?]" time="0.008" /><testcase classname="tests.test_company_agent_runtime" name="test_unknown_stock_and_delivery_time_stay_fail_closed[Ka\xe7 g\xfcnde gelir?]" time="0.010" /><testcase classname="tests.test_company_agent_runtime" name="test_unknown_stock_and_delivery_time_stay_fail_closed[Ne zaman teslim edilir?]" time="0.012" /><testcase classname="tests.test_company_agent_runtime" name="test_unknown_stock_and_delivery_time_stay_fail_closed[Termin s\xfcresi?]" time="0.010" /><testcase classname="tests.test_company_agent_runtime" name="test_unknown_stock_and_delivery_time_stay_fail_closed[Teslimat s\xfcresi nedir?]" time="0.011" /><testcase classname="tests.test_company_agent_runtime" name="test_suitability_question_can_only_use_the_technical_review_boundary[Bu sistemime uyar m\u0131?]" time="0.011" /><testcase classname="tests.test_company_agent_runtime" name="test_suitability_question_can_only_use_the_technical_review_boundary[Buna olur mu?]" time="0.010" /><testcase classname="tests.test_company_agent_runtime" name="test_suitability_question_can_only_use_the_technical_review_boundary[Uyumlu mu?]" time="0.009" /><testcase classname="tests.test_company_agent_runtime" name="test_drawing_submission_is_not_misclassified_as_a_certificate_request" time="0.003" /><testcase classname="tests.test_company_agent_runtime" name="test_protected_stems_do_not_match_arbitrary_word_prefixes[Stockholm]" time="0.007" /><testcase classname="tests.test_company_agent_runtime" name="test_protected_stems_do_not_match_arbitrary_word_prefixes[Bir belgesel \xf6nerir misiniz?]" time="0.011" /><testcase classname="tests.test_company_agent_runtime" name="test_quote_cta_precedes_contact_and_product_links" time="0.003" /><testcase classname="tests.test_company_agent_runtime" name="test_explicit_new_product_overrides_old_product_context" time="0.013" /><testcase classname="tests.test_company_agent_runtime" name="test_runtime_rejects_a_globally_visible_fact_outside_query_candidates" time="0.002" /><testcase classname="tests.test_company_agent_runtime" name="test_plain_product_menu_command_bypasses_unavailable_model" time="0.003" /><testcase classname="tests.test_company_agent_runtime" name="test_marketing_info_reply_bypasses_unavailable_model" time="0.003" /><testcase classname="tests.test_company_agent_runtime" name="test_own_fact_button_bypasses_unavailable_model" time="0.003" /><testcase classname="tests.test_company_agent_runtime" name="test_guided_fact_button_exposes_only_its_approved_fact" time="0.003" /><testcase classname="tests.test_company_agent_runtime" name="test_elevator_product_family_uses_a_four_item_list" time="0.012" /><testcase classname="tests.test_company_agent_runtime" name="test_product_detail_button_returns_an_approved_product_link_cta" time="0.016" /><testcase classname="tests.test_company_agent_runtime" name="test_product_detail_attaches_its_approved_session_image" time="0.015" /><testcase classname="tests.test_company_agent_runtime" name="test_product_family_menu_attaches_its_approved_session_image" time="0.015" /><testcase classname="tests.test_company_agent_runtime" name="test_small_product_family_uses_inline_reply_buttons" time="0.023" /><testcase classname="tests.test_company_agent_runtime" name="test_company_profile_reply_offers_the_approved_website_cta" time="0.003" /><testcase classname="tests.test_company_agent_runtime" name="test_runtime_fails_closed_when_local_llm_is_unavailable" time="0.001" /><testcase classname="tests.test_company_agent_runtime" name="test_handoff_uses_only_the_configured_customer_visible_contact" time="0.002" /><testcase classname="tests.test_company_agent_runtime" name="test_runtime_fails_closed_for_any_model_boundary_error[llm0]" time="0.001" /><testcase classname="tests.test_company_agent_runtime" name="test_runtime_fails_closed_for_any_model_boundary_error[llm1]" time="0.001" /><testcase classname="tests.test_company_agent_runtime" name="test_runtime_fails_closed_for_any_model_boundary_error[llm2]" time="0.001" /><testcase classname="tests.test_company_agent_runtime" name="test_ollama_client_sends_strict_structured_output_request" time="0.009" /><testcase classname="tests.test_company_agent_runtime" name="test_ollama_client_hides_http_error_body" time="0.007" /><testcase classname="tests.test_company_agent_runtime" name="test_ollama_client_keeps_existing_unstructured_calls_working" time="0.008" /><testcase classname="tests.test_company_agent_runtime" name="test_chat_completions_client_sends_schema_and_bearer_key" time="0.008" /><testcase classname="tests.test_company_runtime_retrieval" name="test_candidate_order_is_honoured_and_unknown_ids_are_ignored" time="0.001" /><testcase classname="tests.test_company_runtime_retrieval" name="test_named_product_keeps_its_own_facts_first_and_excludes_siblings" time="0.001" /><testcase classname="tests.test_company_runtime_retrieval" name="test_protected_price_intent_stays_fail_closed_with_candidates" time="0.001" /><testcase classname="tests.test_company_runtime_retrieval" name="test_arti_kasnak_candidates_never_cross_product_families" time="0.012" /><testcase classname="tests.test_company_runtime_retrieval" name="test_prompt_and_schema_share_the_retrieved_candidate_set" time="0.001" /><testcase classname="tests.test_company_runtime_retrieval" name="test_empty_memory_is_not_projected" time="0.001" /><testcase classname="tests.test_company_runtime_retrieval" name="test_runtime_uses_retriever_once_and_records_the_trace" time="0.002" /><testcase classname="tests.test_company_runtime_retrieval" name="test_runtime_falls_back_to_lexical_when_retrieval_is_unavailable" time="0.002" /><testcase classname="tests.test_company_runtime_retrieval" name="test_runtime_without_retriever_has_no_trace" time="0.002" /><testcase classname="tests.test_company_runtime_retrieval" name="test_semantic_request_candidates_rerank_only_inside_scope" time="0.005" /><testcase classname="tests.test_company_runtime_retrieval" name="test_retrieve_for_plan_is_fail_open_and_skips_social" time="0.003" /><testcase classname="tests.test_company_workspace" name="test_two_company_workflow_isolation_and_revision" time="1.717" /><testcase classname="tests.test_company_workspace" name="test_auth_roles_revocation_and_closed_registration" time="1.116" /><testcase classname="tests.test_company_workspace" name="test_builder_stages_canonical_config_without_saving" time="0.805" /><testcase classname="tests.test_company_workspace" name="test_csv_mapping_and_atomic_invalid_import" time="0.001" /><testcase classname="tests.test_company_workspace" name="test_operational_chat_uses_model_is_private_and_idempotent" time="1.531" /><testcase classname="tests.test_company_workspace" name="test_server_bootstrap_invitation_creates_platform_role" time="0.647" /><testcase classname="tests.test_compliance_engine" name="test_opt_out_list_blocks" time="0.073" /><testcase classname="tests.test_compliance_engine" name="test_contact_consent_opt_out_blocks" time="0.061" /><testcase classname="tests.test_compliance_engine" name="test_cooldown_blocks_within_30_days" time="0.077" /><testcase classname="tests.test_compliance_engine" name="test_cooldown_expired_falls_through_to_quiet_hours_or_pass" time="0.077" /><testcase classname="tests.test_compliance_engine" name="test_no_blockers_matches_quiet_hours_computation" time="0.065" /><testcase classname="tests.test_compliance_engine" name="test_add_opt_out_is_idempotent" time="0.050" /><testcase classname="tests.test_config_flow" name="test_core_manifest_matches_real_pydantic_models" time="0.001" /><testcase classname="tests.test_config_flow" name="test_every_core_editable_path_has_exactly_one_flow_owner" time="0.001" /><testcase classname="tests.test_config_flow" name="test_all_generic_collections_keep_an_explicit_close_gate" time="0.000" /><testcase classname="tests.test_config_flow" name="test_reference_fields_are_deferred_until_their_graph_neighbourhood_exists" time="0.001" /><testcase classname="tests.test_config_flow" name="test_identity_is_first_and_lifecycle_review_is_the_terminal_gate" time="0.001" /><testcase classname="tests.test_config_flow" name="test_catalog_free_clinic_is_structurally_spanned_without_forcing_offerings" time="0.001" /><testcase classname="tests.test_config_flow" name="test_unregistered_module_is_an_explicit_coverage_failure_not_a_generic_blob" time="0.002" /><testcase classname="tests.test_config_flow" name="test_registered_module_needs_validator_runtime_adapter_and_its_own_flow_spec" time="0.001" /><testcase classname="tests.test_config_flow" name="test_invalid_registered_module_config_fails_closed" time="0.001" /><testcase classname="tests.test_config_flow" name="test_module_provider_cannot_hide_uncovered_config_root" time="0.002" /><testcase classname="tests.test_config_flow" name="test_broken_module_flow_provider_is_an_explicit_blocker" time="0.002" /><testcase classname="tests.test_configuration_session" name="test_every_core_flow_spec_has_a_typed_reducer" time="0.000" /><testcase classname="tests.test_configuration_session" name="test_preview_is_not_a_mutation_and_duplicate_accept_is_idempotent" time="0.002" /><testcase classname="tests.test_configuration_session" name="test_expired_action_cannot_create_a_proposal" time="0.001" /><testcase classname="tests.test_configuration_session" name="test_open_collection_blocks_a_distant_flow_step_and_stale_action" time="0.002" /><testcase classname="tests.test_configuration_session" name="test_unbound_reference_cannot_materialize_and_wrong_ref_kind_is_rejected" time="0.005" /><testcase classname="tests.test_configuration_session" name="test_marketplace_trace_constructs_a_publishable_company_graph" time="0.008" /><testcase classname="tests.test_configure_production_runtime" name="test_configure_is_idempotent_and_never_changes_secret_lines" time="0.004" /><testcase classname="tests.test_connector_bing" name="test_api_path_parses_webpages_into_raw_leads" time="0.009" /><testcase classname="tests.test_connector_bing" name="test_api_path_non_200_yields_nothing" time="0.008" /><testcase classname="tests.test_connector_bing" name="test_api_path_network_error_yields_nothing_not_raises" time="0.008" /><testcase classname="tests.test_connector_bing" name="test_free_path_parses_html_and_filters_blacklisted_hosts" time="0.008" /><testcase classname="tests.test_connector_bing" name="test_free_path_non_200_yields_nothing" time="0.008" /><testcase classname="tests.test_connector_bing.TestCleanTitle" name="test_strips_separator_and_unescapes_entities" time="0.001" /><testcase classname="tests.test_connector_bing.TestCiteToUrl" name="test_adds_scheme_when_missing" time="0.001" /><testcase classname="tests.test_connector_bing.TestCiteToUrl" name="test_takes_host_before_breadcrumb_separator" time="0.001" /><testcase classname="tests.test_connector_bing.TestCiteToUrl" name="test_empty_input_returns_none" time="0.001" /><testcase classname="tests.test_connector_bing.TestValidHost" name="test_rejects_empty_or_spaced_host" time="0.001" /><testcase classname="tests.test_connector_bing.TestValidHost" name="test_accepts_normal_host" time="0.001" /><testcase classname="tests.test_connector_bing.TestBlacklisted" name="test_exact_match" time="0.001" /><testcase classname="tests.test_connector_bing.TestBlacklisted" name="test_subdomain_match" time="0.001" /><testcase classname="tests.test_connector_bing.TestBlacklisted" name="test_unrelated_host_not_blacklisted" time="0.001" /><testcase classname="tests.test_connector_google_places" name="test_no_api_key_yields_nothing" time="0.001" /><testcase classname="tests.test_connector_google_places" name="test_parses_places_response_into_raw_leads" time="0.008" /><testcase classname="tests.test_connector_google_places" name="test_missing_optional_fields_default_gracefully" time="0.008" /><testcase classname="tests.test_connector_google_places" name="test_non_200_response_yields_nothing" time="0.008" /><testcase classname="tests.test_connector_google_places" name="test_network_error_yields_nothing_not_raises" time="0.008" /><testcase classname="tests.test_connector_google_places" name="test_find_city_prefers_locality" time="0.001" /><testcase classname="tests.test_connector_google_places" name="test_find_city_falls_back_to_admin_area" time="0.001" /><testcase classname="tests.test_connector_google_places" name="test_find_city_returns_none_when_absent" time="0.001" /><testcase classname="tests.test_connector_iys" name="test_unconfigured_returns_unknown" time="0.001" /><testcase classname="tests.test_connector_iys" name="test_missing_api_key_returns_unknown" time="0.001" /><testcase classname="tests.test_connector_iys" name="test_missing_base_url_returns_unknown" time="0.001" /><testcase classname="tests.test_connector_iys" name="test_configured_still_returns_unknown_stub_never_allows" time="0.001" /><testcase classname="tests.test_connector_overpass" name="test_parses_elements_into_raw_leads" time="0.008" /><testcase classname="tests.test_connector_overpass" name="test_elements_without_name_are_skipped" time="0.008" /><testcase classname="tests.test_connector_overpass" name="test_duplicate_names_deduplicated" time="0.008" /><testcase classname="tests.test_connector_overpass" name="test_first_mirror_failure_falls_back_to_second" time="0.014" /><testcase classname="tests.test_connector_overpass" name="test_both_mirrors_failing_yields_nothing_not_raises" time="0.013" /><testcase classname="tests.test_connector_serpapi" name="test_no_key_yields_nothing" time="0.001" /><testcase classname="tests.test_connector_serpapi" name="test_parses_organic_results_into_raw_leads" time="0.009" /><testcase classname="tests.test_connector_serpapi" name="test_missing_title_and_link_default_gracefully" time="0.008" /><testcase classname="tests.test_connector_serpapi" name="test_non_200_response_yields_nothing" time="0.008" /><testcase classname="tests.test_connector_serpapi" name="test_network_error_yields_nothing_not_raises" time="0.008" /><testcase classname="tests.test_connector_serpapi.TestCleanTitle" name="test_strips_pipe_separator" time="0.001" /><testcase classname="tests.test_connector_serpapi.TestCleanTitle" name="test_strips_en_dash_separator" time="0.001" /><testcase classname="tests.test_connector_serpapi.TestCleanTitle" name="test_no_separator_returns_stripped_input" time="0.001" /><testcase classname="tests.test_connector_serpapi.TestCleanTitle" name="test_truncates_to_255_chars" time="0.001" /><testcase classname="tests.test_connector_whatsapp" name="test_send_template_builds_correct_payload" time="0.008" /><testcase classname="tests.test_connector_whatsapp" name="test_send_text_builds_correct_payload" time="0.008" /><testcase classname="tests.test_connector_whatsapp" name="test_send_reply_buttons_builds_official_interactive_payload" time="0.008" /><testcase classname="tests.test_connector_whatsapp" name="test_send_list_builds_official_interactive_payload" time="0.008" /><testcase classname="tests.test_connector_whatsapp" name="test_send_cta_url_builds_official_interactive_payload" time="0.008" /><testcase classname="tests.test_connector_whatsapp" name="test_send_cta_url_can_include_an_approved_session_image" time="0.008" /><testcase classname="tests.test_connector_whatsapp" name="test_send_list_uses_supported_text_only_payload" time="0.008" /><testcase classname="tests.test_connector_whatsapp" name="test_session_image_header_rejects_unsafe_metadata_before_network[header_media0]" time="0.002" /><testcase classname="tests.test_connector_whatsapp" name="test_session_image_header_rejects_unsafe_metadata_before_network[header_media1]" time="0.001" /><testcase classname="tests.test_connector_whatsapp" name="test_session_image_header_rejects_unsafe_metadata_before_network[header_media2]" time="0.001" /><testcase classname="tests.test_connector_whatsapp" name="test_interactive_sends_validate_limits_before_network[send_reply_buttons_once-kwargs0]" time="0.001" /><testcase classname="tests.test_connector_whatsapp" name="test_interactive_sends_validate_limits_before_network[send_list_once-kwargs1]" time="0.001" /><testcase classname="tests.test_connector_whatsapp" name="test_interactive_sends_validate_limits_before_network[send_cta_url_once-kwargs2]" time="0.001" /><testcase classname="tests.test_connector_whatsapp" name="test_send_typing_indicator_builds_native_meta_payload" time="0.008" /><testcase classname="tests.test_connector_whatsapp" name="test_graph_api_version_is_configurable" time="0.008" /><testcase classname="tests.test_connector_whatsapp" name="test_send_text_once_never_retries_an_ambiguous_timeout" time="0.007" /><testcase classname="tests.test_connector_whatsapp" name="test_post_message_raises_when_credentials_missing" time="0.001" /><testcase classname="tests.test_connector_whatsapp" name="test_post_message_raises_for_error_response" time="0.010" /><testcase classname="tests.test_connector_whatsapp.TestVerifySignature" name="test_valid_signature_accepted" time="0.000" /><testcase classname="tests.test_connector_whatsapp.TestVerifySignature" name="test_wrong_signature_rejected" time="0.000" /><testcase classname="tests.test_connector_whatsapp.TestVerifySignature" name="test_missing_signature_header_rejected" time="0.000" /><testcase classname="tests.test_connector_whatsapp.TestVerifySignature" name="test_missing_app_secret_rejected" time="0.000" /><testcase classname="tests.test_connector_whatsapp.TestVerifySignature" name="test_malformed_prefix_rejected" time="0.000" /><testcase classname="tests.test_connector_whatsapp" name="test_check_contact_returns_none_when_unconfigured" time="0.001" /><testcase classname="tests.test_db_session_scope" name="test_tenant_context_follows_logical_session_across_commits" time="0.072" /><testcase classname="tests.test_denizkolik_company_config" name="test_denizkolik_config_is_publishable_and_keeps_whatsapp_menu_bounded" time="0.002" /><testcase classname="tests.test_denizkolik_company_config" name="test_plain_product_command_opens_the_ten_category_list" time="0.001" /><testcase classname="tests.test_denizkolik_company_config" name="test_generic_category_queries_do_not_jump_to_a_child_product[Bal\u0131k bulucu ar\u0131yorum-fish_finders_overview-transducers_overview]" time="0.010" /><testcase classname="tests.test_denizkolik_company_config" name="test_generic_category_queries_do_not_jump_to_a_child_product[Sanal \xe7apa se\xe7enekleri neler?-virtual_anchors_overview-pivot_overview]" time="0.011" /><testcase classname="tests.test_denizkolik_company_config" name="test_generic_category_queries_do_not_jump_to_a_child_product[Tekne i\xe7in ak\xfc ve \u015farj ekipman\u0131 var m\u0131?-energy_storage_overview-itlp_lifepo4_overview]" time="0.011" /><testcase classname="tests.test_denizkolik_company_config" name="test_turkish_lira_phrase_routes_to_live_price_policy" time="0.008" /><testcase classname="tests.test_denizkolik_company_config" name="test_company_name_question_routes_only_to_company_overview" time="0.007" /><testcase classname="tests.test_denizkolik_company_config" name="test_explicit_social_language_ranks_the_matching_behavior_first[Selam, biraz bak\u0131n\u0131yorum-conversation_greeting]" time="0.008" /><testcase classname="tests.test_denizkolik_company_config" name="test_explicit_social_language_ranks_the_matching_behavior_first[Niye cevap vermiyorsunuz?-conversation_waiting]" time="0.009" /><testcase classname="tests.test_denizkolik_company_config" name="test_dynamic_commerce_values_are_not_frozen_into_the_fixture" time="0.001" /><testcase classname="tests.test_discovery_dedup.TestNormalizeCompanyName" name="test_lowercases_and_sorts_tokens" time="0.001" /><testcase classname="tests.test_discovery_dedup.TestNormalizeCompanyName" name="test_strips_legal_suffixes" time="0.000" /><testcase classname="tests.test_discovery_dedup.TestNormalizeCompanyName" name="test_strips_gmbh_and_ltd" time="0.000" /><testcase classname="tests.test_discovery_dedup.TestNormalizeCompanyName" name="test_same_company_different_word_order_matches" time="0.000" /><testcase classname="tests.test_discovery_dedup.TestNormalizeCompanyName" name="test_non_latin_scripts_preserved" time="0.000" /><testcase classname="tests.test_discovery_dedup.TestNormalizeCompanyName" name="test_empty_or_only_stopwords_yields_empty_string" time="0.000" /><testcase classname="tests.test_discovery_dedup.TestNormalizeCompanyName" name="test_punctuation_and_symbols_stripped" time="0.000" /><testcase classname="tests.test_discovery_dedup.TestExtractDomain" name="test_strips_www_and_scheme" time="0.000" /><testcase classname="tests.test_discovery_dedup.TestExtractDomain" name="test_bare_host_without_scheme" time="0.000" /><testcase classname="tests.test_discovery_dedup.TestExtractDomain" name="test_lowercases_host" time="0.000" /><testcase classname="tests.test_discovery_dedup.TestExtractDomain" name="test_uppercase_scheme_handled" time="0.000" /><testcase classname="tests.test_discovery_dedup.TestExtractDomain" name="test_none_input_returns_none" time="0.000" /><testcase classname="tests.test_discovery_dedup.TestExtractDomain" name="test_empty_string_returns_none" time="0.000" /><testcase classname="tests.test_discovery_dedup.TestExtractDomain" name="test_malformed_url_returns_none_not_raises" time="0.000" /><testcase classname="tests.test_enrichment_scoring.TestNormalizePhone" name="test_valid_turkish_mobile_returns_e164" time="0.009" /><testcase classname="tests.test_enrichment_scoring.TestNormalizePhone" name="test_already_e164_formatted" time="0.000" /><testcase classname="tests.test_enrichment_scoring.TestNormalizePhone" name="test_invalid_number_returns_none" time="0.000" /><testcase classname="tests.test_enrichment_scoring.TestNormalizePhone" name="test_unparseable_garbage_returns_none_not_raises" time="0.000" /><testcase classname="tests.test_enrichment_scoring.TestNormalizePhone" name="test_german_number_with_country_hint" time="0.017" /><testcase classname="tests.test_enrichment_scoring.TestScoreFit" name="test_no_sector_scores_zero" time="0.000" /><testcase classname="tests.test_enrichment_scoring.TestScoreFit" name="test_no_text_scores_zero" time="0.000" /><testcase classname="tests.test_enrichment_scoring.TestScoreFit" name="test_text_without_anchor_stem_scores_zero" time="0.000" /><testcase classname="tests.test_enrichment_scoring.TestScoreFit" name="test_matching_positive_keyword_with_anchor_scores_positive" time="0.000" /><testcase classname="tests.test_enrichment_scoring.TestScoreFit" name="test_multiple_positive_matches_accumulate" time="0.000" /><testcase classname="tests.test_enrichment_scoring.TestScoreFit" name="test_negative_keyword_penalizes" time="0.000" /><testcase classname="tests.test_enrichment_scoring.TestScoreFit" name="test_score_never_exceeds_100" time="0.000" /><testcase classname="tests.test_enrichment_scoring.TestScoreFit" name="test_noncommercial_host_scores_zero_even_with_matches" time="0.000" /><testcase classname="tests.test_enrichment_scoring.TestScoreFit" name="test_case_insensitive_matching" time="0.000" /><testcase classname="tests.test_grounded_generation" name="test_hybrid_generates_verified_descriptive_answer" time="0.011" /><testcase classname="tests.test_grounded_generation" name="test_unsupported_value_falls_back_to_literal_facts" time="0.008" /><testcase classname="tests.test_grounded_generation" name="test_mixed_turn_keeps_protected_and_non_generated_topics_literal" time="0.011" /><testcase classname="tests.test_grounded_generation" name="test_price_request_never_reaches_generation" time="0.006" /><testcase classname="tests.test_grounded_generation" name="test_injected_passage_is_sanitized_and_clean_passage_is_offered" time="0.009" /><testcase classname="tests.test_grounded_generation" name="test_generation_failure_keeps_literal_reply_without_handoff" time="0.007" /><testcase classname="tests.test_grounded_generation" name="test_kill_switch_and_strict_mode_skip_generation" time="0.024" /><testcase classname="tests.test_grounded_generation" name="test_hybrid_publishability_rules" time="0.006" /><testcase classname="tests.test_grounded_generation" name="test_audit_block_verdicts" time="0.002" /><testcase classname="tests.test_grounded_generation" name="test_generation_llm_is_used_only_for_the_prose_call" time="0.008" /><testcase classname="tests.test_guardrails" name="test_combine_precedence_block_over_unavailable_over_flag" time="0.001" /><testcase classname="tests.test_guardrails" name="test_content_safety_categories_block_or_flag_by_policy" time="0.000" /><testcase classname="tests.test_guardrails" name="test_jailbreak_threshold_and_topic_modes" time="0.001" /><testcase classname="tests.test_guardrails" name="test_prompts_follow_the_documented_templates" time="0.001" /><testcase classname="tests.test_guardrails" name="test_verdict_audit_carries_no_text" time="0.000" /><testcase classname="tests.test_guardrails" name="test_parse_content_safety_accepts_json_fenced_prose_and_bare_labels" time="0.001" /><testcase classname="tests.test_guardrails" name="test_nim_classifiers_follow_the_documented_contracts" time="0.021" /><testcase classname="tests.test_guardrails" name="test_nim_classifiers_reject_unexpected_shapes" time="0.015" /><testcase classname="tests.test_guardrails" name="test_composite_runs_enabled_checks_and_skips_topic_for_short_messages" time="0.002" /><testcase classname="tests.test_guardrails" name="test_composite_timeout_and_errors_are_unavailable_in_closed_mode_only" time="0.052" /><testcase classname="tests.test_guardrails" name="test_composite_honours_check_subset" time="0.001" /><testcase classname="tests.test_guardrails" name="test_blocked_turns_use_approved_text_only" time="0.001" /><testcase classname="tests.test_guardrails" name="test_settings_register_endpoints_and_require_closed_mode_in_production" time="0.026" /><testcase classname="tests.test_guardrails" name="test_factories_fail_closed_when_disabled_or_unconfigured" time="0.025" /><testcase classname="tests.test_health" name="test_healthz_ok" time="0.002" /><testcase classname="tests.test_health" name="test_root_metadata" time="0.001" /><testcase classname="tests.test_intake_choice" name="test_entry_buttons_web_link_and_same_draft" time="0.839" /><testcase classname="tests.test_intake_choice" name="test_form_is_private_idempotent_and_shares_chat_revision" time="0.726" /><testcase classname="tests.test_knowledge_api" name="test_document_upload_source_listing_and_summary" time="1.198" /><testcase classname="tests.test_knowledge_api" name="test_viewer_cannot_register_sources" time="0.632" /><testcase classname="tests.test_knowledge_compiler" name="test_normalize_text_handles_turkish_dotted_and_dotless_i" time="0.000" /><testcase classname="tests.test_knowledge_compiler" name="test_query_tokens_drop_stopwords_and_punctuation" time="0.000" /><testcase classname="tests.test_knowledge_compiler" name="test_fts_query_is_alphanumeric_union_with_prefixes" time="0.000" /><testcase classname="tests.test_knowledge_compiler" name="test_fts_query_is_empty_for_stopwords_only" time="0.000" /><testcase classname="tests.test_knowledge_compiler" name="test_extract_codes_finds_product_bearing_and_measure_codes" time="0.000" /><testcase classname="tests.test_knowledge_compiler" name="test_extract_codes_ignores_years_and_plain_words" time="0.000" /><testcase classname="tests.test_knowledge_compiler" name="test_search_document_contains_only_approved_material" time="0.001" /><testcase classname="tests.test_knowledge_compiler" name="test_fact_codes_come_from_customer_text_and_terms_only" time="0.000" /><testcase classname="tests.test_knowledge_compiler" name="test_index_fingerprint_is_order_independent_and_model_bound" time="0.000" /><testcase classname="tests.test_knowledge_index_cli" name="test_live_versions_survive_tenant_context_reset" time="0.117" /><testcase classname="tests.test_knowledge_ingest" name="test_document_ingest_auto_publishes_safe_facts_and_stages_protected_ones" time="0.291" /><testcase classname="tests.test_knowledge_ingest" name="test_website_ingest_respects_robots_and_publishes_product_image" time="3.726" /><testcase classname="tests.test_knowledge_ingest" name="test_document_ingest_never_extracts_or_embeds_guard_blocked_chunks" time="0.273" /><testcase classname="tests.test_knowledge_ingest" name="test_scanned_pdf_pages_are_ocr_ed_into_bbox_located_chunks" time="10.704" /><testcase classname="tests.test_knowledge_ingest" name="test_website_ingest_records_vision_verification_on_stored_media" time="2.373" /><testcase classname="tests.test_knowledge_integration" name="test_index_and_hybrid_retrieval_on_live_services" time="66.606" /><testcase classname="tests.test_knowledge_integration" name="test_memory_graph_round_trip_on_live_service" time="0.014" /><testcase classname="tests.test_knowledge_memory" name="test_customer_key_is_keyed_hash_without_phone" time="0.001" /><testcase classname="tests.test_knowledge_memory" name="test_extraction_schema_is_constrained_to_approved_vocabulary" time="0.002" /><testcase classname="tests.test_knowledge_memory" name="test_extract_memory_drops_unknown_ids_and_keeps_customer_values" time="0.002" /><testcase classname="tests.test_knowledge_memory" name="test_prompt_context_uses_approved_labels_only" time="0.001" /><testcase classname="tests.test_knowledge_memory" name="test_record_turn_is_idempotent_per_job_and_writes_only_structured_data" time="0.001" /><testcase classname="tests.test_knowledge_ocr" name="test_image_only_pdf_has_no_text_layer_and_renders_to_jpeg" time="0.075" /><testcase classname="tests.test_knowledge_ocr" name="test_words_form_lines_and_tables_form_grids" time="0.001" /><testcase classname="tests.test_knowledge_ocr" name="test_regions_merge_text_and_render_tables_with_bbox_locators" time="0.001" /><testcase classname="tests.test_knowledge_ocr" name="test_parse_box_accepts_pixel_and_polygon_shapes" time="0.001" /><testcase classname="tests.test_knowledge_ocr" name="test_nim_pipeline_reads_text_regions_and_tables" time="0.112" /><testcase classname="tests.test_knowledge_ocr" name="test_nim_pipeline_without_or_with_failing_layout_reads_the_whole_page" time="0.037" /><testcase classname="tests.test_knowledge_ocr" name="test_ocr_pdf_pages_reports_failures_and_page_caps_without_text" time="0.029" /><testcase classname="tests.test_knowledge_ocr" name="test_build_document_ocr_from_settings_and_boundary_gate" time="0.032" /><testcase classname="tests.test_knowledge_reembed" name="test_evidence_graph_records_its_profile_and_refuses_another_one" time="0.001" /><testcase classname="tests.test_knowledge_reembed" name="test_ingest_keeps_going_without_the_graph_on_profile_mismatch" time="0.218" /><testcase classname="tests.test_knowledge_reembed" name="test_reembed_task_rebuilds_the_graph_from_postgres_and_skips_blocked_chunks" time="0.215" /><testcase classname="tests.test_knowledge_retrieval" name="test_rrf_fuse_rewards_agreement_and_is_deterministic" time="0.000" /><testcase classname="tests.test_knowledge_retrieval" name="test_rrf_fuse_applies_channel_weights" time="0.000" /><testcase classname="tests.test_knowledge_retrieval" name="test_retrieve_fuses_channels_pins_exact_codes_and_reranks" time="0.001" /><testcase classname="tests.test_knowledge_retrieval" name="test_retrieve_respects_allowed_fact_scope" time="0.001" /><testcase classname="tests.test_knowledge_retrieval" name="test_retrieve_degrades_when_one_channel_fails" time="0.001" /><testcase classname="tests.test_knowledge_retrieval" name="test_retrieve_is_unavailable_without_an_index_or_any_channel" time="0.003" /><testcase classname="tests.test_knowledge_retrieval" name="test_reranker_failure_keeps_fused_order" time="0.001" /><testcase classname="tests.test_knowledge_retrieval" name="test_scoped_retriever_binds_server_resolved_identity" time="0.001" /><testcase classname="tests.test_knowledge_retrieval" name="test_anchor_lineage_gets_a_bonus_after_fusion_and_rerank" time="0.002" /><testcase classname="tests.test_knowledge_vision" name="test_alt_text_sanitizer_refuses_instructions_prices_and_links" time="0.001" /><testcase classname="tests.test_knowledge_vision" name="test_downscale_keeps_a_small_copy_for_the_model_only" time="0.027" /><testcase classname="tests.test_knowledge_vision" name="test_verify_media_without_verifier_keeps_heuristics" time="0.011" /><testcase classname="tests.test_knowledge_vision" name="test_verify_media_rejects_overrides_and_keeps" time="0.143" /><testcase classname="tests.test_knowledge_vision" name="test_verify_media_alt_text_rules_and_outage" time="0.088" /><testcase classname="tests.test_knowledge_vision" name="test_nim_vision_client_sends_guided_json_and_parses_the_answer" time="0.022" /><testcase classname="tests.test_knowledge_vision" name="test_nim_vision_client_rejects_off_schema_answers" time="0.009" /><testcase classname="tests.test_knowledge_vision" name="test_build_media_verifier_from_settings_and_boundary_gate" time="0.032" /><testcase classname="tests.test_knowledge_worker_integration" name="test_worker_uses_graph_retrieval_and_memory_then_enqueues_enrichment" time="0.299" /><testcase classname="tests.test_knowledge_worker_integration" name="test_worker_keeps_lexical_path_when_knowledge_backend_is_off" time="0.250" /><testcase classname="tests.test_knowledge_worker_integration" name="test_worker_guardrail_block_skips_the_model_and_sends_approved_decline" time="0.410" /><testcase classname="tests.test_knowledge_worker_integration" name="test_worker_guardrail_unavailable_in_closed_mode_is_a_safe_handoff" time="0.264" /><testcase classname="tests.test_knowledge_worker_integration" name="test_worker_guardrail_allow_and_flag_reach_the_model" time="0.252" /><testcase classname="tests.test_live_runtime_upgrade" name="test_semantic_requests_answer_known_specification_and_report_unknown_price" time="0.014" /><testcase classname="tests.test_live_runtime_upgrade" name="test_stale_menu_uses_current_published_menu_without_model" time="0.015" /><testcase classname="tests.test_live_runtime_upgrade" name="test_semantic_invalid_evidence_is_visible_fallback" time="0.006" /><testcase classname="tests.test_live_runtime_upgrade" name="test_model_outage_is_not_reported_as_model_success" time="0.005" /><testcase classname="tests.test_live_runtime_upgrade" name="test_published_selection_applies_to_every_customer" time="0.002" /><testcase classname="tests.test_live_runtime_upgrade" name="test_preview_uses_live_selection_reducer_and_preserves_current_step" time="0.003" /><testcase classname="tests.test_live_runtime_upgrade" name="test_semantic_runtime_respects_custom_company_graph_identity" time="0.003" /><testcase classname="tests.test_llm" name="test_null_client_raises_rather_than_fabricating_a_reply" time="0.001" /><testcase classname="tests.test_llm" name="test_null_client_raises_regardless_of_arguments" time="0.001" /><testcase classname="tests.test_llm" name="test_factory_returns_null_client_when_no_provider_configured" time="0.001" /><testcase classname="tests.test_llm" name="test_factory_returns_null_client_for_unrecognized_provider" time="0.001" /><testcase classname="tests.test_llm" name="test_factory_returns_chat_completions_client" time="0.001" /><testcase classname="tests.test_llm" name="test_role_endpoints_inherit_the_base_profile_field_by_field" time="0.007" /><testcase classname="tests.test_llm" name="test_role_overrides_are_gated_in_production" time="0.020" /><testcase classname="tests.test_llm" name="test_factory_builds_role_clients_and_role_helper_returns_none_without_override" time="0.007" /><testcase classname="tests.test_llm" name="test_nvext_guided_json_replaces_response_format" time="0.015" /><testcase classname="tests.test_nim_embeddings" name="test_nim_embeddings_send_input_type_and_reorder_by_index" time="0.014" /><testcase classname="tests.test_nim_embeddings" name="test_nim_embeddings_send_dimensions_only_for_truncatable_models" time="0.014" /><testcase classname="tests.test_nim_embeddings" name="test_nim_embeddings_fail_closed_on_shape_or_transport_errors" time="0.025" /><testcase classname="tests.test_nim_embeddings" name="test_embedding_profile_is_part_of_every_fingerprint" time="0.000" /><testcase classname="tests.test_nim_embeddings" name="test_dimension_rules_for_nim_models" time="0.000" /><testcase classname="tests.test_nim_embeddings" name="test_settings_accept_nim_embeddings_and_gate_the_profile" time="0.026" /><testcase classname="tests.test_nim_embeddings" name="test_factory_chooses_the_nim_client_from_settings" time="0.001" /><testcase classname="tests.test_nim_http" name="test_root_normalizes_v1_suffix" time="0.000" /><testcase classname="tests.test_nim_http" name="test_empty_base_url_is_rejected" time="0.000" /><testcase classname="tests.test_nim_http" name="test_bearer_header_only_when_key_is_set" time="0.014" /><testcase classname="tests.test_nim_http" name="test_single_retry_on_connection_error_then_unavailable" time="0.012" /><testcase classname="tests.test_nim_http" name="test_timeout_is_unavailable_without_retry" time="0.007" /><testcase classname="tests.test_nim_http" name="test_http_error_never_carries_the_response_body" time="0.009" /><testcase classname="tests.test_nim_http" name="test_gateway_errors_are_unavailable" time="0.008" /><testcase classname="tests.test_nim_http" name="test_non_json_and_non_object_bodies_fail_closed" time="0.014" /><testcase classname="tests.test_nim_http" name="test_ready_and_models_helpers" time="0.019" /><testcase classname="tests.test_nim_reranker" name="test_nim_reranker_maps_logits_to_probabilities_in_document_order" time="0.011" /><testcase classname="tests.test_nim_reranker" name="test_nim_reranker_fails_closed_on_bad_shapes" time="0.014" /><testcase classname="tests.test_nim_reranker" name="test_nim_reranker_serves_the_entailment_gate_on_the_same_scale" time="0.008" /><testcase classname="tests.test_nim_reranker" name="test_factory_picks_provider_from_settings" time="0.001" /><testcase classname="tests.test_planner_recipients" name="test_formatted_phone_opens_review_workflow[+90 555 010 20 30-+905550102030]" time="0.004" /><testcase classname="tests.test_planner_recipients" name="test_formatted_phone_opens_review_workflow[+90 (555) 010-20-30-+90 5550102030]" time="0.004" /><testcase classname="tests.test_planner_recipients" name="test_formatted_phone_opens_review_workflow[0090 555 010 20 30-00905550102030]" time="0.004" /><testcase classname="tests.test_planner_recipients" name="test_formatted_phone_opens_review_workflow[+905550102030-+905550102030]" time="0.004" /><testcase classname="tests.test_planner_recipients" name="test_model_cannot_change_phone_identity[+90 555 010 20 30 mesaj yoll-+905550102031]" time="0.005" /><testcase classname="tests.test_planner_recipients" name="test_model_cannot_change_phone_identity[+90 555 010 20 30 mesaj yoll-+90555010203]" time="0.004" /><testcase classname="tests.test_planner_recipients" name="test_model_cannot_change_phone_identity[+90 555 010 20 30 mesaj yoll-+9055501020300]" time="0.004" /><testcase classname="tests.test_planner_recipients" name="test_model_cannot_change_phone_identity[0555 010 20 30 mesaj yoll-+905550102030]" time="0.004" /><testcase classname="tests.test_planner_recipients" name="test_model_cannot_change_phone_identity[0090 555 010 20 30 mesaj yoll-+905550102030]" time="0.004" /><testcase classname="tests.test_planner_recipients" name="test_model_cannot_change_phone_identity[+90 555 010 20 30 mesaj yoll-00905550102030]" time="0.004" /><testcase classname="tests.test_planner_recipients" name="test_model_cannot_change_phone_identity[+15550102030 ve +15550102031 mesaj yoll-+1555010203015550102031]" time="0.004" /><testcase classname="tests.test_planner_recipients" name="test_multiple_recipients_remain_separate" time="0.000" /><testcase classname="tests.test_production_runtime_settings" name="test_complete_production_runtime_settings_are_accepted" time="0.007" /><testcase classname="tests.test_production_runtime_settings" name="test_missing_webhook_secret_and_debug_mode_fail_closed" time="0.007" /><testcase classname="tests.test_production_runtime_settings" name="test_unsupported_production_provider_is_rejected" time="0.007" /><testcase classname="tests.test_production_runtime_settings" name="test_chat_compatible_production_provider_is_accepted" time="0.007" /><testcase classname="tests.test_production_runtime_settings" name="test_known_placeholder_app_secrets_are_rejected_without_echoing_them" time="0.007" /><testcase classname="tests.test_production_runtime_settings" name="test_low_entropy_and_repeated_app_secrets_are_rejected" time="0.007" /><testcase classname="tests.test_production_runtime_settings" name="test_strong_app_secret_exposes_only_sanitized_strength_metadata" time="0.007" /><testcase classname="tests.test_production_runtime_settings" name="test_invalid_graph_api_version_is_rejected" time="0.007" /><testcase classname="tests.test_production_runtime_settings" name="test_model_endpoint_registry_lists_configured_services" time="0.007" /><testcase classname="tests.test_production_runtime_settings" name="test_public_trial_hosts_are_refused_for_customer_data_endpoints" time="0.007" /><testcase classname="tests.test_production_runtime_settings" name="test_denylist_matches_subdomains_but_not_lookalikes" time="0.013" /><testcase classname="tests.test_production_runtime_settings" name="test_boundary_gate_is_production_only" time="0.007" /><testcase classname="tests.test_progressive_inbox" name="test_reply_durable_receipt_before_transport_and_no_resend[accepted]" time="0.878" /><testcase classname="tests.test_progressive_inbox" name="test_reply_durable_receipt_before_transport_and_no_resend[ambiguous]" time="0.912" /><testcase classname="tests.test_progressive_inbox" name="test_reply_durable_receipt_before_transport_and_no_resend[early_delivered]" time="0.868" /><testcase classname="tests.test_progressive_inbox" name="test_inbox_navigation_resume_and_cancel_stay_durable" time="0.990" /><testcase classname="tests.test_progressive_inbox" name="test_closed_window_has_no_receipt_or_send" time="0.799" /><testcase classname="tests.test_progressive_inbox" name="test_inbox_isolation_and_current_role" time="1.151" /><testcase classname="tests.test_progressive_inbox" name="test_optout_rejects_manual_reply_and_resume" time="0.824" /><testcase classname="tests.test_progressive_outreach" name="test_queue_receipt_background_cancel_and_no_duplicate" time="0.965" /><testcase classname="tests.test_progressive_outreach" name="test_delivery_sync_is_stable_and_old_review_is_invalidated" time="0.824" /><testcase classname="tests.test_progressive_outreach" name="test_template_outage_preserves_input_and_manager_access[failure0]" time="1.062" /><testcase classname="tests.test_progressive_outreach" name="test_template_outage_preserves_input_and_manager_access[failure1]" time="1.059" /><testcase classname="tests.test_progressive_workflows" name="test_contact_idempotency_duplicate_and_stale_card" time="0.746" /><testcase classname="tests.test_progressive_workflows" name="test_pause_resume_refresh_and_isolation" time="1.081" /><testcase classname="tests.test_progressive_workflows" name="test_validation_back_and_invitation_semantics" time="1.292" /><testcase classname="tests.test_progressive_workflows" name="test_chat_form_mixed_and_model_failure_preserves_fields" time="0.744" /><testcase classname="tests.test_progressive_workflows" name="test_concurrent_complete_and_invitation_role_revocation" time="0.738" /><testcase classname="tests.test_progressive_workflows" name="test_progressive_company_agent_and_pause_keeps_fields" time="1.170" /><testcase classname="tests.test_progressive_workflows" name="test_configuration_import_repreview_and_publish_revision" time="0.928" /><testcase classname="tests.test_progressive_workflows" name="test_workflow_model_outage_and_invalid_import_keep_input" time="0.772" /><testcase classname="tests.test_progressive_workflows" name="test_progressive_test_result_and_stale_version" time="0.995" /><testcase classname="tests.test_progressive_workflows" name="test_record_search_navigation_and_isolation" time="1.652" /><testcase classname="tests.test_progressive_workflows" name="test_contact_records_show_person_and_communication_separately" time="0.693" /><testcase classname="tests.test_progressive_workflows" name="test_member_workflow_protects_last_owner_and_rejects_stale_access" time="0.766" /><testcase classname="tests.test_progressive_workflows" name="test_workflow_turn_anchor_survives_actions_and_child_launch" time="0.735" /><testcase classname="tests.test_progressive_workflows" name="test_csv_mapping_uses_real_headers_and_persists_selected_columns" time="0.873" /><testcase classname="tests.test_progressive_workflows" name="test_csv_duplicate_headers_are_rejected" time="0.001" /><testcase classname="tests.test_progressive_workflows" name="test_rollback_clones_history_rejects_live_drift_and_retries_once" time="1.235" /><testcase classname="tests.test_progressive_workflows" name="test_platform_owner_reinvite_receipt_and_private_context" time="1.315" /><testcase classname="tests.test_query_generator.TestGenerateQueries" name="test_no_countries_yields_no_queries" time="0.000" /><testcase classname="tests.test_query_generator.TestGenerateQueries" name="test_always_emits_one_overpass_query_per_country" time="0.000" /><testcase classname="tests.test_query_generator.TestGenerateQueries" name="test_negative_keywords_are_excluded_from_query_generation" time="0.000" /><testcase classname="tests.test_query_generator.TestGenerateQueries" name="test_keyword_plus_qualifier_combination_uses_serpapi" time="0.000" /><testcase classname="tests.test_query_generator.TestGenerateQueries" name="test_customer_type_plus_qualifier_combination" time="0.000" /><testcase classname="tests.test_query_generator.TestGenerateQueries" name="test_raw_keyword_used_for_google_places" time="0.000" /><testcase classname="tests.test_query_generator.TestGenerateQueries" name="test_country_tld_variant_only_for_known_countries" time="0.000" /><testcase classname="tests.test_query_generator.TestGenerateQueries" name="test_deduplicates_identical_queries" time="0.000" /><testcase classname="tests.test_query_generator.TestGenerateQueries" name="test_per_country_limit_caps_non_overpass_queries" time="0.001" /><testcase classname="tests.test_query_generator.TestGenerateQueries" name="test_overpass_query_exempt_from_per_country_limit" time="0.001" /><testcase classname="tests.test_query_generator.TestGenerateQueries" name="test_zero_limit_disables_capping" time="0.001" /><testcase classname="tests.test_query_generator.TestGenerateQueries" name="test_multiple_languages_each_get_their_own_qualifiers" time="0.000" /><testcase classname="tests.test_query_generator.TestGenerateQueries" name="test_web_crawl_queries_omitted_by_default" time="0.000" /><testcase classname="tests.test_query_generator.TestGenerateQueries" name="test_web_crawl_queries_included_when_requested" time="0.000" /><testcase classname="tests.test_query_generator.TestGenerateQueries" name="test_web_crawl_disabled_matches_pre_web_crawl_behavior_exactly" time="0.001" /><testcase classname="tests.test_reports_source_precision" name="test_source_precision_groups_by_source_and_settles_status" time="0.052" /><testcase classname="tests.test_reports_source_precision" name="test_source_with_only_pending_leads_has_no_rate" time="0.048" /><testcase classname="tests.test_reports_source_precision" name="test_no_leads_yields_empty_sources_list" time="0.045" /><testcase classname="tests.test_rls_isolation" name="test_tenant_cannot_see_another_tenants_opt_outs" time="0.049" /><testcase classname="tests.test_rls_isolation" name="test_no_tenant_context_denies_all_rows" time="0.046" /><testcase classname="tests.test_rls_isolation" name="test_cross_tenant_insert_is_rejected" time="0.044" /><testcase classname="tests.test_robots" name="test_allows_when_robots_txt_permits" time="0.009" /><testcase classname="tests.test_robots" name="test_disallows_when_robots_txt_forbids_path" time="0.008" /><testcase classname="tests.test_robots" name="test_missing_robots_txt_404_allows_everything" time="0.008" /><testcase classname="tests.test_robots" name="test_unexpected_status_fails_closed" time="0.008" /><testcase classname="tests.test_robots" name="test_network_error_fails_closed_not_raises" time="0.007" /><testcase classname="tests.test_robots" name="test_malformed_url_fails_closed" time="0.001" /><testcase classname="tests.test_robots" name="test_repeated_checks_reuse_cached_parser" time="0.008" /><testcase classname="tests.test_robots" name="test_different_hosts_fetch_independently" time="0.014" /><testcase classname="tests.test_robots" name="test_specific_user_agent_disallow_respected" time="0.008" /><testcase classname="tests.test_runtime_preflight" name="test_customer_contact_route_satisfies_handoff_gate_without_dashboard_user" time="0.000" /><testcase classname="tests.test_runtime_preflight" name="test_preflight_rejects_sustained_host_cpu_saturation" time="0.000" /><testcase classname="tests.test_runtime_preflight" name="test_preflight_rejects_critical_host_cpu_peak" time="0.000" /><testcase classname="tests.test_runtime_preflight" name="test_preflight_rejects_ambiguous_active_waba_routing" time="0.000" /><testcase classname="tests.test_runtime_preflight" name="test_preflight_requires_active_waba_unique_index" time="0.000" /><testcase classname="tests.test_runtime_preflight" name="test_preflight_requires_exactly_one_active_tenant_for_configured_waba" time="0.000" /><testcase classname="tests.test_runtime_preflight" name="test_ollama_is_optional_only_for_the_safe_contact_fallback_mode" time="0.000" /><testcase classname="tests.test_runtime_preflight" name="test_selection_requires_an_active_human_reviewer" time="0.000" /><testcase classname="tests.test_runtime_preflight" name="test_preflight_revision_matches_current_migration_head" time="0.126" /><testcase classname="tests.test_runtime_preflight" name="test_require_nim_gates_on_every_configured_endpoint" time="0.000" /><testcase classname="tests.test_runtime_preflight" name="test_require_nim_passes_when_nothing_is_configured" time="0.000" /><testcase classname="tests.test_runtime_timing" name="test_parallel_spans_have_task_local_parents_and_no_payloads" time="0.002" /><testcase classname="tests.test_runtime_timing" name="test_error_and_cancellation_record_type_but_propagate" time="0.001" /><testcase classname="tests.test_runtime_timing" name="test_bounded_spans_and_disabled_context" time="0.028" /><testcase classname="tests.test_runtime_timing" name="test_logging_failure_does_not_change_operation" time="0.001" /><testcase classname="tests.test_runtime_timing" name="test_timing_persistence_failure_cannot_retry_successful_send" time="0.001" /><testcase classname="tests.test_text_extract.TestStripHtml" name="test_removes_script_and_style_blocks" time="0.002" /><testcase classname="tests.test_text_extract.TestStripHtml" name="test_collapses_whitespace" time="0.000" /><testcase classname="tests.test_text_extract.TestEmailRe" name="test_finds_simple_email" time="0.000" /><testcase classname="tests.test_text_extract.TestEmailRe" name="test_finds_multiple_emails" time="0.000" /><testcase classname="tests.test_text_extract.TestEmailRe" name="test_no_match_in_plain_text" time="0.000" /><testcase classname="tests.test_text_extract.TestPhoneRe" name="test_finds_turkish_mobile" time="0.000" /><testcase classname="tests.test_text_extract.TestPhoneRe" name="test_finds_e164_format" time="0.000" /><testcase classname="tests.test_text_extract.TestPhoneRe" name="test_no_match_for_short_digit_sequence" time="0.000" /><testcase classname="tests.test_text_extract.TestDateRe" name="test_matches_dotted_date" time="0.000" /><testcase classname="tests.test_text_extract.TestDateRe" name="test_matches_slashed_date" time="0.000" /><testcase classname="tests.test_text_extract.TestDateRe" name="test_does_not_match_phone_number" time="0.000" /><testcase classname="tests.test_web_crawler.TestExtractCandidateLinks" name="test_extracts_relative_and_absolute_links" time="0.001" /><testcase classname="tests.test_web_crawler.TestExtractCandidateLinks" name="test_filters_login_and_legal_paths" time="0.001" /><testcase classname="tests.test_web_crawler.TestExtractCandidateLinks" name="test_filters_social_media_hosts" time="0.000" /><testcase classname="tests.test_web_crawler.TestExtractCandidateLinks" name="test_filters_non_http_schemes" time="0.000" /><testcase classname="tests.test_web_crawler.TestExtractCandidateLinks" name="test_deduplicates_repeated_links" time="0.000" /><testcase classname="tests.test_web_crawler.TestExtractCandidateLinks" name="test_empty_html_yields_no_links" time="0.000" /><testcase classname="tests.test_web_crawler.TestExtractLeadFromPage" name="test_prefers_h1_over_title" time="0.002" /><testcase classname="tests.test_web_crawler.TestExtractLeadFromPage" name="test_falls_back_to_title_when_no_h1" time="0.000" /><testcase classname="tests.test_web_crawler.TestExtractLeadFromPage" name="test_no_name_found_returns_none" time="0.000" /><testcase classname="tests.test_web_crawler.TestExtractLeadFromPage" name="test_extracts_phone_and_email_from_page_text" time="0.000" /><testcase classname="tests.test_web_crawler.TestExtractLeadFromPage" name="test_sets_source_and_website_and_country" time="0.000" /><testcase classname="tests.test_web_crawler.TestExtractLeadFromPage" name="test_name_truncated_to_255_chars" time="0.001" /><testcase classname="tests.test_web_crawler.TestSearchGating" name="test_disabled_by_default_yields_nothing" time="0.001" /><testcase classname="tests.test_web_crawler.TestSearchGating" name="test_enabled_but_no_seeds_yields_nothing" time="0.001" /><testcase classname="tests.test_whatsapp_runtime_integration" name="test_runtime_context_accepts_only_matching_server_owned_reply_metadata" time="0.000" /><testcase classname="tests.test_whatsapp_runtime_integration" name="test_runtime_context_rejects_manual_stale_or_malformed_metadata[raw0]" time="0.000" /><testcase classname="tests.test_whatsapp_runtime_integration" name="test_runtime_context_rejects_manual_stale_or_malformed_metadata[raw1]" time="0.000" /><testcase classname="tests.test_whatsapp_runtime_integration" name="test_runtime_context_rejects_manual_stale_or_malformed_metadata[raw2]" time="0.000" /><testcase classname="tests.test_whatsapp_runtime_integration" name="test_runtime_context_rejects_manual_stale_or_malformed_metadata[raw3]" time="0.000" /><testcase classname="tests.test_whatsapp_runtime_integration" name="test_runtime_context_rejects_manual_stale_or_malformed_metadata[raw4]" time="0.000" /><testcase classname="tests.test_whatsapp_runtime_integration" name="test_runtime_worker_dispatches_planned_cta_as_one_meta_post" time="0.007" /><testcase classname="tests.test_whatsapp_runtime_integration" name="test_runtime_worker_dispatches_session_image_header_in_one_meta_post" time="0.001" /><testcase classname="tests.test_whatsapp_runtime_integration" name="test_latest_outbound_of_any_type_blocks_stale_bot_context[text]" time="0.169" /><testcase classname="tests.test_whatsapp_runtime_integration" name="test_latest_outbound_of_any_type_blocks_stale_bot_context[template]" time="0.174" /><testcase classname="tests.test_whatsapp_runtime_integration" name="test_latest_outbound_of_any_type_blocks_stale_bot_context[image]" time="0.196" /><testcase classname="tests.test_whatsapp_runtime_integration" name="test_latest_outbound_of_any_type_blocks_stale_bot_context[document]" time="0.168" /><testcase classname="tests.test_whatsapp_runtime_integration" name="test_quoted_bot_turn_overrides_a_newer_non_text_context_barrier" time="0.173" /><testcase classname="tests.test_whatsapp_runtime_integration" name="test_conversation_history_is_bounded_to_recent_messages_and_characters" time="0.166" /><testcase classname="tests.test_whatsapp_runtime_integration" name="test_session_scope_clears_tenant_guc_on_the_same_pooled_connection" time="0.081" /><testcase classname="tests.test_whatsapp_runtime_integration" name="test_active_waba_binding_is_unique_but_suspended_duplicate_is_allowed" time="0.101" /><testcase classname="tests.test_whatsapp_runtime_integration" name="test_bootstrap_rejects_waba_owned_by_another_active_tenant" time="0.103" /><testcase classname="tests.test_whatsapp_runtime_integration" name="test_signed_duplicate_webhook_is_idempotent_and_enforces_sender_binding" time="0.179" /><testcase classname="tests.test_whatsapp_runtime_integration" name="test_out_of_order_outreach_callbacks_are_monotonic_and_use_meta_time" time="0.177" /><testcase classname="tests.test_whatsapp_runtime_integration" name="test_failed_callback_needs_conclusive_delivery_evidence_to_recover" time="0.179" /><testcase classname="tests.test_whatsapp_runtime_integration" name="test_runtime_delivery_audit_preserves_history_errors_and_effective_status" time="0.167" /><testcase classname="tests.test_whatsapp_runtime_integration" name="test_handoff_pauses_new_jobs_until_manual_inbox_reply_resolves_it" time="0.344" /><testcase classname="tests.test_whatsapp_runtime_integration" name="test_new_inbound_preserves_handoff_without_active_reviewer" time="0.274" /><testcase classname="tests.test_whatsapp_runtime_integration" name="test_typing_indicator_failure_is_best_effort" time="0.007" /><testcase classname="tests.test_whatsapp_runtime_integration" name="test_typing_indicator_is_refreshed_until_model_reply_is_ready" time="0.052" /><testcase classname="tests.test_whatsapp_runtime_integration" name="test_ambiguous_meta_post_is_attempted_once_and_requires_manual_review" time="0.278" /><testcase classname="tests.test_whatsapp_runtime_integration" name="test_stop_during_model_call_terminalizes_all_jobs_before_meta_post" time="0.282" /><testcase classname="tests.test_whatsapp_runtime_integration" name="test_product_specific_disinterest_does_not_create_a_global_opt_out" time="0.136" /><testcase classname="tests.test_whatsapp_runtime_integration" name="test_rapid_inbound_turns_are_ordered_and_coalesced_to_one_reply" time="0.481" /><testcase classname="tests.test_whatsapp_webhook_helpers" name="test_normalizes_meta_phone_identifier" time="0.000" /><testcase classname="tests.test_whatsapp_webhook_helpers" name="test_extracts_text_and_interactive_replies" time="0.000" /><testcase classname="tests.test_whatsapp_webhook_helpers" name="test_extracts_media_caption_but_not_binary_content" time="0.000" /><testcase classname="tests.test_whatsapp_webhook_helpers" name="test_clear_global_opt_out_paraphrases_are_detected[\u0130lgilenmiyorum]" time="0.000" /><testcase classname="tests.test_whatsapp_webhook_helpers" name="test_clear_global_opt_out_paraphrases_are_detected[Art\u0131k mesaj istemiyorum]" time="0.000" /><testcase classname="tests.test_whatsapp_webhook_helpers" name="test_clear_global_opt_out_paraphrases_are_detected[Mesaj almak istemiyorum]" time="0.000" /><testcase classname="tests.test_whatsapp_webhook_helpers" name="test_clear_global_opt_out_paraphrases_are_detected[Bana bir daha mesaj g\xf6ndermeyin]" time="0.000" /><testcase classname="tests.test_whatsapp_webhook_helpers" name="test_clear_global_opt_out_paraphrases_are_detected[Bir daha yazmay\u0131n]" time="0.000" /><testcase classname="tests.test_whatsapp_webhook_helpers" name="test_clear_global_opt_out_paraphrases_are_detected[Beni listenizden \xe7\u0131kar\u0131n]" time="0.000" /><testcase classname="tests.test_whatsapp_webhook_helpers" name="test_clear_global_opt_out_paraphrases_are_detected[Abonelikten \xe7\u0131kar]" time="0.000" /><testcase classname="tests.test_whatsapp_webhook_helpers" name="test_clear_global_opt_out_paraphrases_are_detected[Pazarlama mesaj\u0131 istemiyorum]" time="0.000" /><testcase classname="tests.test_whatsapp_webhook_helpers" name="test_clear_global_opt_out_paraphrases_are_detected[Beni rahats\u0131z etmeyin]" time="0.000" /><testcase classname="tests.test_whatsapp_webhook_helpers" name="test_product_specific_disinterest_is_not_a_global_opt_out[Bu \xfcr\xfcnle ilgilenmiyorum]" time="0.000" /><testcase classname="tests.test_whatsapp_webhook_helpers" name="test_product_specific_disinterest_is_not_a_global_opt_out[Palanga teklifinizle ilgilenmiyorum]" time="0.000" /><testcase classname="tests.test_whatsapp_webhook_helpers" name="test_product_specific_disinterest_is_not_a_global_opt_out[\u015eimdilik ilgilenmiyorum]" time="0.000" /><testcase classname="tests.test_whatsapp_webhook_helpers" name="test_product_specific_disinterest_is_not_a_global_opt_out[Bu teklifi istemiyorum]" time="0.000" /><testcase classname="tests.test_whatsapp_webhook_helpers" name="test_product_specific_disinterest_is_not_a_global_opt_out[Bu mesaj\u0131 anlamad\u0131m]" time="0.000" /><testcase classname="tests.test_whatsapp_webhook_helpers" name="test_product_specific_disinterest_is_not_a_global_opt_out[Mesaj hakk\u0131nda bilgi istiyorum]" time="0.000" /><testcase classname="tests.test_whatsapp_webhook_helpers" name="test_product_specific_disinterest_is_not_a_global_opt_out[\xdcr\xfcnlerle ilgileniyorum]" time="0.000" /><testcase classname="tests.test_workflow_intents" name="test_legacy_model_vocabulary_opens_shared_workflow[agents-records-agents]" time="0.637" /><testcase classname="tests.test_workflow_intents" name="test_legacy_model_vocabulary_opens_shared_workflow[knowledge-records-knowledge]" time="0.630" /><testcase classname="tests.test_workflow_intents" name="test_legacy_model_vocabulary_opens_shared_workflow[versions-records-versions]" time="0.632" /><testcase classname="tests.test_workflow_intents" name="test_legacy_model_vocabulary_opens_shared_workflow[team-records-team]" time="0.759" /><testcase classname="tests.test_workflow_intents" name="test_legacy_model_vocabulary_opens_shared_workflow[inbox-records-inbox]" time="0.658" /><testcase classname="tests.test_workflow_intents" name="test_legacy_model_vocabulary_opens_shared_workflow[platform-records-companies]" time="0.636" /><testcase classname="tests.test_workflow_intents" name="test_legacy_model_vocabulary_opens_shared_workflow[invite-invite-None]" time="0.837" /><testcase classname="tests.test_workflow_intents" name="test_legacy_model_vocabulary_opens_shared_workflow[create_company-create_company-None]" time="0.631" /><testcase classname="tests.test_workflow_intents" name="test_legacy_model_vocabulary_opens_shared_workflow[create_agent-create_agent-None]" time="0.633" /><testcase classname="tests.test_workflow_intents" name="test_legacy_model_vocabulary_opens_shared_workflow[configure-configure-None]" time="0.633" /><testcase classname="tests.test_workflow_intents" name="test_legacy_model_vocabulary_opens_shared_workflow[test-test-None]" time="0.634" /><testcase classname="tests.test_workflow_intents" name="test_legacy_model_vocabulary_opens_shared_workflow[publish-publish-None]" time="0.638" /><testcase classname="tests.test_workflow_intents" name="test_natural_agent_creation_requires_review_and_receipt" time="0.734" /><testcase classname="tests.test_workflow_intents" name="test_translation_keeps_role_and_grounding_guards" time="1.039" /><testcase classname="tests.test_workflow_intents" name="test_text_format_is_semantic_but_content_must_stay_literal" time="0.012" /><testcase classname="tests.test_workflow_intents" name="test_natural_outreach_uses_shared_review_queue_and_status[+15550102030]" time="1.067" /><testcase classname="tests.test_workflow_intents" name="test_natural_outreach_uses_shared_review_queue_and_status[+1 (555) 010-2030]" time="0.844" /><testcase classname="tests.test_workflow_intents" name="test_send_word_does_not_approve_unrelated_workflow[invite]" time="0.004" /><testcase classname="tests.test_workflow_intents" name="test_send_word_does_not_approve_unrelated_workflow[contact]" time="0.004" /><testcase classname="tests.test_workflow_intents" name="test_send_word_does_not_approve_unrelated_workflow[publish]" time="0.004" /><testcase classname="tests.test_workflow_intents" name="test_new_phone_cannot_confirm_an_existing_recipient_review[intent0]" time="0.005" /><testcase classname="tests.test_workflow_intents" name="test_new_phone_cannot_confirm_an_existing_recipient_review[intent1]" time="0.004" /><testcase classname="tests.test_workflow_intents" name="test_generic_approval_cannot_choose_legacy_or_current_card[selected0]" time="0.735" /><testcase classname="tests.test_workflow_intents" name="test_generic_approval_cannot_choose_legacy_or_current_card[selected1]" time="0.744" /><testcase classname="tests.test_workflow_intents" name="test_approval_guard_only_handles_ambiguous_natural_phrases[Bunu onayla-True]" time="0.001" /><testcase classname="tests.test_workflow_intents" name="test_approval_guard_only_handles_ambiguous_natural_phrases[De\u011fi\u015fikli\u011fi kaydet-True]" time="0.001" /><testcase classname="tests.test_workflow_intents" name="test_approval_guard_only_handles_ambiguous_natural_phrases[Ki\u015fiyi kaydet-False]" time="0.001" /><testcase classname="tests.test_workflow_intents" name="test_approval_guard_only_handles_ambiguous_natural_phrases[Tasla\u011f\u0131 yay\u0131nla-False]" time="0.001" /><testcase classname="tests.test_workflow_intents" name="test_approval_guard_only_handles_ambiguous_natural_phrases[Onaylama-False]" time="0.001" /><testcase classname="tests.test_workflow_intents" name="test_approval_guard_only_handles_ambiguous_natural_phrases[action:workspace:confirm:server-token-False]" time="0.001" /><testcase classname="tests.test_workflow_intents" name="test_rollback_approval_is_distinct_from_negation[Geri almay\u0131 onayla-workflow]" time="0.004" /><testcase classname="tests.test_workflow_intents" name="test_rollback_approval_is_distinct_from_negation[Geri alma-clarify]" time="0.004" /><testcase classname="tests.test_workflow_intents" name="test_rollback_approval_is_distinct_from_negation[Geri almay\u0131n-clarify]" time="0.004" /><testcase classname="tests.test_workflow_intents" name="test_rollback_approval_is_distinct_from_negation[Geri almak istemiyorum-clarify]" time="0.004" /><testcase classname="tests.test_workflow_requests" name="test_request_pages_filters_snapshot_and_conversation" time="0.877" /><testcase classname="tests.test_workflow_requests" name="test_natural_request_list_routes_to_shared_card" time="0.719" /><testcase classname="tests.test_workflow_requests" name="test_request_records_do_not_cross_tenants_and_allow_full_search_length" time="1.336" /><testcase classname="tests.test_workflow_requests" name="test_request_review_actions_receipt_revision_and_no_customer_mutation" time="0.886" /><testcase classname="tests.test_workflow_requests" name="test_request_review_empty_note_and_draft_cannot_apply" time="0.719" /><testcase classname="tests.test_workflow_requests" name="test_natural_review_opens_shared_form_without_early_write" time="0.770" /><testcase classname="tests.test_workflow_requests" name="test_natural_assignee_resolution_uses_current_tenant" time="0.724" /><testcase classname="tests.test_workflow_requests" name="test_request_details_files_missing_and_natural_read" time="0.806" /><testcase classname="tests.test_workflow_requests" name="test_natural_delivery_uses_shared_request_then_conversation_context" time="0.793" /><testcase classname="tests.test_workflow_templates" name="test_review_submit_once_and_approval_status" time="0.987" /><testcase classname="tests.test_workflow_templates" name="test_ambiguous_submission_never_posts_twice" time="0.700" /><testcase classname="tests.test_workflow_templates" name="test_only_approved_options_and_immutable_preview" time="0.671" /><testcase classname="tests.test_workflow_templates" name="test_creation_requires_manager_and_full_review" time="1.066" /><testcase classname="tests.test_workflow_templates" name="test_model_template_creation_opens_separate_workflow[ba\u015fka \u015fablon ekle]" time="0.004" /><testcase classname="tests.test_workflow_templates" name="test_model_template_creation_opens_separate_workflow[yeni mesaj \u015fablonu olu\u015ftur]" time="0.004" /><testcase classname="tests.test_workflow_templates" name="test_unapproved_template_never_enters_send_options[PENDING]" time="0.007" /><testcase classname="tests.test_workflow_templates" name="test_unapproved_template_never_enters_send_options[REJECTED]" time="0.001" /><testcase classname="tests.test_workflow_templates" name="test_unapproved_template_never_enters_send_options[PAUSED]" time="0.001" /><testcase classname="tests.test_workflow_templates" name="test_unapproved_template_never_enters_send_options[DISABLED]" time="0.001" /><testcase classname="tests.test_workflow_templates" name="test_template_choice_is_grounded_in_meta_options" time="0.007" /><testcase classname="tests.test_workflow_templates" name="test_invalid_variable_contract_never_reaches_meta[Merhaba {{0}}]" time="0.000" /><testcase classname="tests.test_workflow_templates" name="test_invalid_variable_contract_never_reaches_meta[Merhaba {{2}}]" time="0.000" /><testcase classname="tests.test_workflow_templates" name="test_invalid_variable_contract_never_reaches_meta[Merhaba {{name}}]" time="0.000" /><testcase classname="tests.test_workflow_templates" name="test_meta_create_uses_reviewed_payload_once" time="0.001" /><testcase classname="tests.test_workflow_templates" name="test_template_validation_failure_cannot_submit" time="0.649" /><testcase classname="tests.test_workflow_templates" name="test_approved_flow_and_utility_templates_are_selectable" time="0.007" /><testcase classname="tests.test_workflow_templates" name="test_existing_send_card_loads_meta_choices_after_upgrade" time="0.651" /></testsuite></testsuites>